[log] writing to results/logs/progress-4-zeroshot-twitter-hf-logprobs-bloomz-1b7-full.log
[run] started_at=2026-04-25T13:07:11+00:00
[run] backend=hf-logprobs dataset=twitter split=test model=bigscience/bloomz-1b7
[run] output_dir=results/zeroshot/twitter-hf-logprobs-bloomz-1b7
[run] table_path=results/tables/zeroshot_baselines.csv
[data] cached split not found, loading w11wo/twitter_indonesia_sarcastic:test from HuggingFace
Warning: You are sending unauthenticated requests to the HF Hub. Please set a HF_TOKEN to enable higher rate limits and faster downloads.
[data] examples=538 sample_limited=False
`torch_dtype` is deprecated! Use `dtype` instead!
[metrics] prompt_id=0 {'accuracy': 0.2509, 'precision': 0.2428, 'recall': 0.9478, 'f1': 0.3866}
[metrics] prompt_id=1 {'accuracy': 0.2435, 'precision': 0.235, 'recall': 0.903, 'f1': 0.3729}
[metrics] prompt_id=2 {'accuracy': 0.2491, 'precision': 0.2491, 'recall': 1.0, 'f1': 0.3988}
[metrics] prompt_id=3 {'accuracy': 0.2491, 'precision': 0.2491, 'recall': 1.0, 'f1': 0.3988}
[metrics] prompt_id=4 {'accuracy': 0.3234, 'precision': 0.2511, 'recall': 0.8657, 'f1': 0.3893}
[run] ended_at=2026-04-25T13:10:40+00:00 runtime_seconds=208.96
{
  "dataset": "twitter",
  "backend": "hf-logprobs",
  "model_alias": "bloomz-1b7",
  "model_name": "bigscience/bloomz-1b7",
  "split": "test",
  "accuracy": 0.2632,
  "precision": 0.2454,
  "recall": 0.9433,
  "f1": 0.3893,
  "prompt_count": 5,
  "num_examples": 538,
  "invalid_outputs": 0,
  "runtime_seconds": 208.96,
  "avg_latency_seconds": 0.063,
  "sample_limited": false,
  "model_max_length": 1024,
  "dtype": "float16",
  "load_8bit": false,
  "device_map": "auto",
  "temperature": null,
  "max_new_tokens": null,
  "run_started_at": "2026-04-25T13:07:11+00:00",
  "run_ended_at": "2026-04-25T13:10:40+00:00"
}
