[log] writing to results/logs/progress-4-zeroshot-twitter-hf-logprobs-bloomz-1b1-full.log
[run] started_at=2026-04-25T13:03:35+00:00
[run] backend=hf-logprobs dataset=twitter split=test model=bigscience/bloomz-1b1
[run] output_dir=results/zeroshot/twitter-hf-logprobs-bloomz-1b1
[run] table_path=results/tables/zeroshot_baselines.csv
[data] cached split not found, loading w11wo/twitter_indonesia_sarcastic:test from HuggingFace
Warning: You are sending unauthenticated requests to the HF Hub. Please set a HF_TOKEN to enable higher rate limits and faster downloads.
[data] examples=538 sample_limited=False
`torch_dtype` is deprecated! Use `dtype` instead!
[metrics] prompt_id=0 {'accuracy': 0.2509, 'precision': 0.2495, 'recall': 1.0, 'f1': 0.3994}
[metrics] prompt_id=1 {'accuracy': 0.2509, 'precision': 0.2495, 'recall': 1.0, 'f1': 0.3994}
[metrics] prompt_id=2 {'accuracy': 0.2491, 'precision': 0.2491, 'recall': 1.0, 'f1': 0.3988}
[metrics] prompt_id=3 {'accuracy': 0.2937, 'precision': 0.253, 'recall': 0.9403, 'f1': 0.3987}
[metrics] prompt_id=4 {'accuracy': 0.2509, 'precision': 0.2486, 'recall': 0.9925, 'f1': 0.3976}
[run] ended_at=2026-04-25T13:07:10+00:00 runtime_seconds=214.61
{
  "dataset": "twitter",
  "backend": "hf-logprobs",
  "model_alias": "bloomz-1b1",
  "model_name": "bigscience/bloomz-1b1",
  "split": "test",
  "accuracy": 0.2591,
  "precision": 0.2499,
  "recall": 0.9866,
  "f1": 0.3988,
  "prompt_count": 5,
  "num_examples": 538,
  "invalid_outputs": 0,
  "runtime_seconds": 214.61,
  "avg_latency_seconds": 0.0596,
  "sample_limited": false,
  "model_max_length": 1024,
  "dtype": "float16",
  "load_8bit": false,
  "device_map": "auto",
  "temperature": null,
  "max_new_tokens": null,
  "run_started_at": "2026-04-25T13:03:35+00:00",
  "run_ended_at": "2026-04-25T13:07:10+00:00"
}
