[log] writing to results/logs/progress-4-zeroshot-reddit-hf-logprobs-bloomz-560m-full.log
[run] started_at=2026-04-25T14:15:47+00:00
[run] backend=hf-logprobs dataset=reddit split=test model=bigscience/bloomz-560m
[run] output_dir=results/zeroshot/reddit-hf-logprobs-bloomz-560m
[run] table_path=results/tables/zeroshot_baselines.csv
[data] cached split not found, loading w11wo/reddit_indonesia_sarcastic:test from HuggingFace
Warning: You are sending unauthenticated requests to the HF Hub. Please set a HF_TOKEN to enable higher rate limits and faster downloads.
[data] examples=2824 sample_limited=False
`torch_dtype` is deprecated! Use `dtype` instead!
[metrics] prompt_id=0 {'accuracy': 0.2589, 'precision': 0.2486, 'recall': 0.9717, 'f1': 0.396}
[metrics] prompt_id=1 {'accuracy': 0.2511, 'precision': 0.2476, 'recall': 0.9788, 'f1': 0.3952}
[metrics] prompt_id=2 {'accuracy': 0.2504, 'precision': 0.2501, 'recall': 1.0, 'f1': 0.4001}
[metrics] prompt_id=3 {'accuracy': 0.4727, 'precision': 0.2486, 'recall': 0.5482, 'f1': 0.342}
[metrics] prompt_id=4 {'accuracy': 0.2833, 'precision': 0.2504, 'recall': 0.9363, 'f1': 0.3951}
[run] ended_at=2026-04-25T14:30:06+00:00 runtime_seconds=859.65
{
  "dataset": "reddit",
  "backend": "hf-logprobs",
  "model_alias": "bloomz-560m",
  "model_name": "bigscience/bloomz-560m",
  "split": "test",
  "accuracy": 0.3033,
  "precision": 0.2491,
  "recall": 0.887,
  "f1": 0.3857,
  "prompt_count": 5,
  "num_examples": 2824,
  "invalid_outputs": 0,
  "runtime_seconds": 859.65,
  "avg_latency_seconds": 0.0587,
  "sample_limited": false,
  "model_max_length": 1024,
  "dtype": "float16",
  "load_8bit": false,
  "device_map": "auto",
  "temperature": null,
  "max_new_tokens": null,
  "run_started_at": "2026-04-25T14:15:47+00:00",
  "run_ended_at": "2026-04-25T14:30:06+00:00"
}
