[log] writing to results/logs/progress-4-zeroshot-twitter-hf-logprobs-mt0-small-smoke.log
[run] started_at=2026-04-25T12:59:40+00:00
[run] backend=hf-logprobs dataset=twitter split=test model=bigscience/mt0-small
[run] output_dir=results/zeroshot/twitter-hf-logprobs-mt0-small
[run] table_path=results/tables/zeroshot_smoke.csv
[data] cached split not found, loading w11wo/twitter_indonesia_sarcastic:test from HuggingFace
Warning: You are sending unauthenticated requests to the HF Hub. Please set a HF_TOKEN to enable higher rate limits and faster downloads.
[data] examples=8 sample_limited=True
`torch_dtype` is deprecated! Use `dtype` instead!
The tied weights mapping and config for this model specifies to tie shared.weight to lm_head.weight, but both are present in the checkpoints, so we will NOT tie them. You should update the config with `tie_word_embeddings=False` to silence this warning
[metrics] prompt_id=0 {'accuracy': 0.5, 'precision': 0.5, 'recall': 1.0, 'f1': 0.6667}
[metrics] prompt_id=1 {'accuracy': 0.5, 'precision': 0.5, 'recall': 1.0, 'f1': 0.6667}
[metrics] prompt_id=2 {'accuracy': 0.5, 'precision': 0.5, 'recall': 1.0, 'f1': 0.6667}
[metrics] prompt_id=3 {'accuracy': 0.5, 'precision': 0.5, 'recall': 1.0, 'f1': 0.6667}
[metrics] prompt_id=4 {'accuracy': 0.5, 'precision': 0.5, 'recall': 1.0, 'f1': 0.6667}
[run] ended_at=2026-04-25T13:00:24+00:00 runtime_seconds=43.51
{
  "dataset": "twitter",
  "backend": "hf-logprobs",
  "model_alias": "mt0-small",
  "model_name": "bigscience/mt0-small",
  "split": "test",
  "accuracy": 0.5,
  "precision": 0.5,
  "recall": 1.0,
  "f1": 0.6667,
  "prompt_count": 5,
  "num_examples": 8,
  "invalid_outputs": 0,
  "runtime_seconds": 43.51,
  "avg_latency_seconds": 0.0917,
  "sample_limited": true,
  "model_max_length": 1024,
  "dtype": "float16",
  "load_8bit": false,
  "device_map": "auto",
  "temperature": null,
  "max_new_tokens": null,
  "run_started_at": "2026-04-25T12:59:40+00:00",
  "run_ended_at": "2026-04-25T13:00:24+00:00"
}
