Warning: You are sending unauthenticated requests to the HF Hub. Please set a HF_TOKEN to enable higher rate limits and faster downloads.
BertForSequenceClassification LOAD REPORT from: indobenchmark/indobert-large-p1
Key               | Status  | 
------------------+---------+-
classifier.weight | MISSING | 
classifier.bias   | MISSING | 

Notes:
- MISSING	:those params were newly initialized because missing from the checkpoint. Consider training on your downstream task.
There were missing keys in the checkpoint model loaded: ['bert.embeddings.LayerNorm.weight', 'bert.embeddings.LayerNorm.bias', 'bert.encoder.layer.0.attention.output.LayerNorm.weight', 'bert.encoder.layer.0.attention.output.LayerNorm.bias', 'bert.encoder.layer.0.output.LayerNorm.weight', 'bert.encoder.layer.0.output.LayerNorm.bias', 'bert.encoder.layer.1.attention.output.LayerNorm.weight', 'bert.encoder.layer.1.attention.output.LayerNorm.bias', 'bert.encoder.layer.1.output.LayerNorm.weight', 'bert.encoder.layer.1.output.LayerNorm.bias', 'bert.encoder.layer.2.attention.output.LayerNorm.weight', 'bert.encoder.layer.2.attention.output.LayerNorm.bias', 'bert.encoder.layer.2.output.LayerNorm.weight', 'bert.encoder.layer.2.output.LayerNorm.bias', 'bert.encoder.layer.3.attention.output.LayerNorm.weight', 'bert.encoder.layer.3.attention.output.LayerNorm.bias', 'bert.encoder.layer.3.output.LayerNorm.weight', 'bert.encoder.layer.3.output.LayerNorm.bias', 'bert.encoder.layer.4.attention.output.LayerNorm.weight', 'bert.encoder.layer.4.attention.output.LayerNorm.bias', 'bert.encoder.layer.4.output.LayerNorm.weight', 'bert.encoder.layer.4.output.LayerNorm.bias', 'bert.encoder.layer.5.attention.output.LayerNorm.weight', 'bert.encoder.layer.5.attention.output.LayerNorm.bias', 'bert.encoder.layer.5.output.LayerNorm.weight', 'bert.encoder.layer.5.output.LayerNorm.bias', 'bert.encoder.layer.6.attention.output.LayerNorm.weight', 'bert.encoder.layer.6.attention.output.LayerNorm.bias', 'bert.encoder.layer.6.output.LayerNorm.weight', 'bert.encoder.layer.6.output.LayerNorm.bias', 'bert.encoder.layer.7.attention.output.LayerNorm.weight', 'bert.encoder.layer.7.attention.output.LayerNorm.bias', 'bert.encoder.layer.7.output.LayerNorm.weight', 'bert.encoder.layer.7.output.LayerNorm.bias', 'bert.encoder.layer.8.attention.output.LayerNorm.weight', 'bert.encoder.layer.8.attention.output.LayerNorm.bias', 'bert.encoder.layer.8.output.LayerNorm.weight', 'bert.encoder.layer.8.output.LayerNorm.bias', 'bert.encoder.layer.9.attention.output.LayerNorm.weight', 'bert.encoder.layer.9.attention.output.LayerNorm.bias', 'bert.encoder.layer.9.output.LayerNorm.weight', 'bert.encoder.layer.9.output.LayerNorm.bias', 'bert.encoder.layer.10.attention.output.LayerNorm.weight', 'bert.encoder.layer.10.attention.output.LayerNorm.bias', 'bert.encoder.layer.10.output.LayerNorm.weight', 'bert.encoder.layer.10.output.LayerNorm.bias', 'bert.encoder.layer.11.attention.output.LayerNorm.weight', 'bert.encoder.layer.11.attention.output.LayerNorm.bias', 'bert.encoder.layer.11.output.LayerNorm.weight', 'bert.encoder.layer.11.output.LayerNorm.bias', 'bert.encoder.layer.12.attention.output.LayerNorm.weight', 'bert.encoder.layer.12.attention.output.LayerNorm.bias', 'bert.encoder.layer.12.output.LayerNorm.weight', 'bert.encoder.layer.12.output.LayerNorm.bias', 'bert.encoder.layer.13.attention.output.LayerNorm.weight', 'bert.encoder.layer.13.attention.output.LayerNorm.bias', 'bert.encoder.layer.13.output.LayerNorm.weight', 'bert.encoder.layer.13.output.LayerNorm.bias', 'bert.encoder.layer.14.attention.output.LayerNorm.weight', 'bert.encoder.layer.14.attention.output.LayerNorm.bias', 'bert.encoder.layer.14.output.LayerNorm.weight', 'bert.encoder.layer.14.output.LayerNorm.bias', 'bert.encoder.layer.15.attention.output.LayerNorm.weight', 'bert.encoder.layer.15.attention.output.LayerNorm.bias', 'bert.encoder.layer.15.output.LayerNorm.weight', 'bert.encoder.layer.15.output.LayerNorm.bias', 'bert.encoder.layer.16.attention.output.LayerNorm.weight', 'bert.encoder.layer.16.attention.output.LayerNorm.bias', 'bert.encoder.layer.16.output.LayerNorm.weight', 'bert.encoder.layer.16.output.LayerNorm.bias', 'bert.encoder.layer.17.attention.output.LayerNorm.weight', 'bert.encoder.layer.17.attention.output.LayerNorm.bias', 'bert.encoder.layer.17.output.LayerNorm.weight', 'bert.encoder.layer.17.output.LayerNorm.bias', 'bert.encoder.layer.18.attention.output.LayerNorm.weight', 'bert.encoder.layer.18.attention.output.LayerNorm.bias', 'bert.encoder.layer.18.output.LayerNorm.weight', 'bert.encoder.layer.18.output.LayerNorm.bias', 'bert.encoder.layer.19.attention.output.LayerNorm.weight', 'bert.encoder.layer.19.attention.output.LayerNorm.bias', 'bert.encoder.layer.19.output.LayerNorm.weight', 'bert.encoder.layer.19.output.LayerNorm.bias', 'bert.encoder.layer.20.attention.output.LayerNorm.weight', 'bert.encoder.layer.20.attention.output.LayerNorm.bias', 'bert.encoder.layer.20.output.LayerNorm.weight', 'bert.encoder.layer.20.output.LayerNorm.bias', 'bert.encoder.layer.21.attention.output.LayerNorm.weight', 'bert.encoder.layer.21.attention.output.LayerNorm.bias', 'bert.encoder.layer.21.output.LayerNorm.weight', 'bert.encoder.layer.21.output.LayerNorm.bias', 'bert.encoder.layer.22.attention.output.LayerNorm.weight', 'bert.encoder.layer.22.attention.output.LayerNorm.bias', 'bert.encoder.layer.22.output.LayerNorm.weight', 'bert.encoder.layer.22.output.LayerNorm.bias', 'bert.encoder.layer.23.attention.output.LayerNorm.weight', 'bert.encoder.layer.23.attention.output.LayerNorm.bias', 'bert.encoder.layer.23.output.LayerNorm.weight', 'bert.encoder.layer.23.output.LayerNorm.bias'].
There were unexpected keys in the checkpoint model loaded: ['bert.embeddings.LayerNorm.beta', 'bert.embeddings.LayerNorm.gamma', 'bert.encoder.layer.0.attention.output.LayerNorm.beta', 'bert.encoder.layer.0.attention.output.LayerNorm.gamma', 'bert.encoder.layer.0.output.LayerNorm.beta', 'bert.encoder.layer.0.output.LayerNorm.gamma', 'bert.encoder.layer.1.attention.output.LayerNorm.beta', 'bert.encoder.layer.1.attention.output.LayerNorm.gamma', 'bert.encoder.layer.1.output.LayerNorm.beta', 'bert.encoder.layer.1.output.LayerNorm.gamma', 'bert.encoder.layer.2.attention.output.LayerNorm.beta', 'bert.encoder.layer.2.attention.output.LayerNorm.gamma', 'bert.encoder.layer.2.output.LayerNorm.beta', 'bert.encoder.layer.2.output.LayerNorm.gamma', 'bert.encoder.layer.3.attention.output.LayerNorm.beta', 'bert.encoder.layer.3.attention.output.LayerNorm.gamma', 'bert.encoder.layer.3.output.LayerNorm.beta', 'bert.encoder.layer.3.output.LayerNorm.gamma', 'bert.encoder.layer.4.attention.output.LayerNorm.beta', 'bert.encoder.layer.4.attention.output.LayerNorm.gamma', 'bert.encoder.layer.4.output.LayerNorm.beta', 'bert.encoder.layer.4.output.LayerNorm.gamma', 'bert.encoder.layer.5.attention.output.LayerNorm.beta', 'bert.encoder.layer.5.attention.output.LayerNorm.gamma', 'bert.encoder.layer.5.output.LayerNorm.beta', 'bert.encoder.layer.5.output.LayerNorm.gamma', 'bert.encoder.layer.6.attention.output.LayerNorm.beta', 'bert.encoder.layer.6.attention.output.LayerNorm.gamma', 'bert.encoder.layer.6.output.LayerNorm.beta', 'bert.encoder.layer.6.output.LayerNorm.gamma', 'bert.encoder.layer.7.attention.output.LayerNorm.beta', 'bert.encoder.layer.7.attention.output.LayerNorm.gamma', 'bert.encoder.layer.7.output.LayerNorm.beta', 'bert.encoder.layer.7.output.LayerNorm.gamma', 'bert.encoder.layer.8.attention.output.LayerNorm.beta', 'bert.encoder.layer.8.attention.output.LayerNorm.gamma', 'bert.encoder.layer.8.output.LayerNorm.beta', 'bert.encoder.layer.8.output.LayerNorm.gamma', 'bert.encoder.layer.9.attention.output.LayerNorm.beta', 'bert.encoder.layer.9.attention.output.LayerNorm.gamma', 'bert.encoder.layer.9.output.LayerNorm.beta', 'bert.encoder.layer.9.output.LayerNorm.gamma', 'bert.encoder.layer.10.attention.output.LayerNorm.beta', 'bert.encoder.layer.10.attention.output.LayerNorm.gamma', 'bert.encoder.layer.10.output.LayerNorm.beta', 'bert.encoder.layer.10.output.LayerNorm.gamma', 'bert.encoder.layer.11.attention.output.LayerNorm.beta', 'bert.encoder.layer.11.attention.output.LayerNorm.gamma', 'bert.encoder.layer.11.output.LayerNorm.beta', 'bert.encoder.layer.11.output.LayerNorm.gamma', 'bert.encoder.layer.12.attention.output.LayerNorm.beta', 'bert.encoder.layer.12.attention.output.LayerNorm.gamma', 'bert.encoder.layer.12.output.LayerNorm.beta', 'bert.encoder.layer.12.output.LayerNorm.gamma', 'bert.encoder.layer.13.attention.output.LayerNorm.beta', 'bert.encoder.layer.13.attention.output.LayerNorm.gamma', 'bert.encoder.layer.13.output.LayerNorm.beta', 'bert.encoder.layer.13.output.LayerNorm.gamma', 'bert.encoder.layer.14.attention.output.LayerNorm.beta', 'bert.encoder.layer.14.attention.output.LayerNorm.gamma', 'bert.encoder.layer.14.output.LayerNorm.beta', 'bert.encoder.layer.14.output.LayerNorm.gamma', 'bert.encoder.layer.15.attention.output.LayerNorm.beta', 'bert.encoder.layer.15.attention.output.LayerNorm.gamma', 'bert.encoder.layer.15.output.LayerNorm.beta', 'bert.encoder.layer.15.output.LayerNorm.gamma', 'bert.encoder.layer.16.attention.output.LayerNorm.beta', 'bert.encoder.layer.16.attention.output.LayerNorm.gamma', 'bert.encoder.layer.16.output.LayerNorm.beta', 'bert.encoder.layer.16.output.LayerNorm.gamma', 'bert.encoder.layer.17.attention.output.LayerNorm.beta', 'bert.encoder.layer.17.attention.output.LayerNorm.gamma', 'bert.encoder.layer.17.output.LayerNorm.beta', 'bert.encoder.layer.17.output.LayerNorm.gamma', 'bert.encoder.layer.18.attention.output.LayerNorm.beta', 'bert.encoder.layer.18.attention.output.LayerNorm.gamma', 'bert.encoder.layer.18.output.LayerNorm.beta', 'bert.encoder.layer.18.output.LayerNorm.gamma', 'bert.encoder.layer.19.attention.output.LayerNorm.beta', 'bert.encoder.layer.19.attention.output.LayerNorm.gamma', 'bert.encoder.layer.19.output.LayerNorm.beta', 'bert.encoder.layer.19.output.LayerNorm.gamma', 'bert.encoder.layer.20.attention.output.LayerNorm.beta', 'bert.encoder.layer.20.attention.output.LayerNorm.gamma', 'bert.encoder.layer.20.output.LayerNorm.beta', 'bert.encoder.layer.20.output.LayerNorm.gamma', 'bert.encoder.layer.21.attention.output.LayerNorm.beta', 'bert.encoder.layer.21.attention.output.LayerNorm.gamma', 'bert.encoder.layer.21.output.LayerNorm.beta', 'bert.encoder.layer.21.output.LayerNorm.gamma', 'bert.encoder.layer.22.attention.output.LayerNorm.beta', 'bert.encoder.layer.22.attention.output.LayerNorm.gamma', 'bert.encoder.layer.22.output.LayerNorm.beta', 'bert.encoder.layer.22.output.LayerNorm.gamma', 'bert.encoder.layer.23.attention.output.LayerNorm.beta', 'bert.encoder.layer.23.attention.output.LayerNorm.gamma', 'bert.encoder.layer.23.output.LayerNorm.beta', 'bert.encoder.layer.23.output.LayerNorm.gamma'].
[data] using cached CSV files from data/raw
[compat] ignoring unsupported TrainingArguments kwargs: overwrite_output_dir
{'loss': '0.5749', 'grad_norm': '4.301', 'learning_rate': '9.998e-06', 'epoch': '1'}
{'eval_loss': '0.4325', 'eval_accuracy': '0.806', 'eval_precision': '0.6415', 'eval_recall': '0.5075', 'eval_f1': '0.5667', 'eval_runtime': '1.575', 'eval_samples_per_second': '170.1', 'eval_steps_per_second': '3.174', 'epoch': '1'}
{'loss': '0.4048', 'grad_norm': '9.506', 'learning_rate': '9.99e-06', 'epoch': '2'}
{'eval_loss': '0.3566', 'eval_accuracy': '0.8246', 'eval_precision': '0.6786', 'eval_recall': '0.5672', 'eval_f1': '0.6179', 'eval_runtime': '1.585', 'eval_samples_per_second': '169.1', 'eval_steps_per_second': '3.154', 'epoch': '2'}
{'loss': '0.2844', 'grad_norm': '5.737', 'learning_rate': '9.978e-06', 'epoch': '3'}
{'eval_loss': '0.3177', 'eval_accuracy': '0.8582', 'eval_precision': '0.7636', 'eval_recall': '0.6269', 'eval_f1': '0.6885', 'eval_runtime': '1.602', 'eval_samples_per_second': '167.3', 'eval_steps_per_second': '3.121', 'epoch': '3'}
{'loss': '0.1482', 'grad_norm': '4.141', 'learning_rate': '9.961e-06', 'epoch': '4'}
{'eval_loss': '0.3422', 'eval_accuracy': '0.8657', 'eval_precision': '0.7183', 'eval_recall': '0.7612', 'eval_f1': '0.7391', 'eval_runtime': '1.551', 'eval_samples_per_second': '172.8', 'eval_steps_per_second': '3.224', 'epoch': '4'}
{'loss': '0.06895', 'grad_norm': '1.589', 'learning_rate': '9.939e-06', 'epoch': '5'}
{'eval_loss': '0.3857', 'eval_accuracy': '0.8619', 'eval_precision': '0.7143', 'eval_recall': '0.7463', 'eval_f1': '0.7299', 'eval_runtime': '1.573', 'eval_samples_per_second': '170.4', 'eval_steps_per_second': '3.178', 'epoch': '5'}
{'loss': '0.03493', 'grad_norm': '0.1881', 'learning_rate': '9.912e-06', 'epoch': '6'}
{'eval_loss': '0.486', 'eval_accuracy': '0.8545', 'eval_precision': '0.7692', 'eval_recall': '0.597', 'eval_f1': '0.6723', 'eval_runtime': '1.555', 'eval_samples_per_second': '172.3', 'eval_steps_per_second': '3.215', 'epoch': '6'}
{'loss': '0.02123', 'grad_norm': '0.05359', 'learning_rate': '9.88e-06', 'epoch': '7'}
{'eval_loss': '0.5186', 'eval_accuracy': '0.8731', 'eval_precision': '0.7463', 'eval_recall': '0.7463', 'eval_f1': '0.7463', 'eval_runtime': '1.566', 'eval_samples_per_second': '171.2', 'eval_steps_per_second': '3.193', 'epoch': '7'}
{'train_runtime': '900.8', 'train_samples_per_second': '208.5', 'train_steps_per_second': '6.55', 'train_loss': '0.2196', 'epoch': '7'}
{'eval_loss': '0.5186', 'eval_accuracy': '0.8731', 'eval_precision': '0.7463', 'eval_recall': '0.7463', 'eval_f1': '0.7463', 'eval_runtime': '1.513', 'eval_samples_per_second': '177.1', 'eval_steps_per_second': '3.305', 'epoch': '7'}
{
  "dataset": "twitter",
  "model_alias": "indobert-large",
  "model_name": "indobenchmark/indobert-large-p1",
  "accuracy": 0.8327,
  "precision": 0.6467,
  "recall": 0.7239,
  "f1": 0.6831,
  "learning_rate": 1e-05,
  "lr_scheduler_type": "cosine",
  "epochs": 100.0,
  "batch_size": 32,
  "eval_batch_size": 64,
  "max_length": 128,
  "weight_decay": 0.03,
  "label_smoothing_factor": 0.0,
  "pad_to_max_length": true,
  "shuffle_train_dataset": true,
  "early_stopping_patience": 3,
  "early_stopping_threshold": 0.01,
  "max_train_samples": null,
  "max_eval_samples": null,
  "max_predict_samples": null,
  "sample_limited": false,
  "seed": 42,
  "fp16": true,
  "disable_tqdm": true,
  "gradient_accumulation_steps": 1,
  "gradient_checkpointing": false,
  "auto_find_batch_size": false
}
