Warning: You are sending unauthenticated requests to the HF Hub. Please set a HF_TOKEN to enable higher rate limits and faster downloads.
BertForSequenceClassification LOAD REPORT from: indobenchmark/indobert-base-p1
Key               | Status  | 
------------------+---------+-
classifier.weight | MISSING | 
classifier.bias   | MISSING | 

Notes:
- MISSING	:those params were newly initialized because missing from the checkpoint. Consider training on your downstream task.
There were missing keys in the checkpoint model loaded: ['bert.embeddings.LayerNorm.weight', 'bert.embeddings.LayerNorm.bias', 'bert.encoder.layer.0.attention.output.LayerNorm.weight', 'bert.encoder.layer.0.attention.output.LayerNorm.bias', 'bert.encoder.layer.0.output.LayerNorm.weight', 'bert.encoder.layer.0.output.LayerNorm.bias', 'bert.encoder.layer.1.attention.output.LayerNorm.weight', 'bert.encoder.layer.1.attention.output.LayerNorm.bias', 'bert.encoder.layer.1.output.LayerNorm.weight', 'bert.encoder.layer.1.output.LayerNorm.bias', 'bert.encoder.layer.2.attention.output.LayerNorm.weight', 'bert.encoder.layer.2.attention.output.LayerNorm.bias', 'bert.encoder.layer.2.output.LayerNorm.weight', 'bert.encoder.layer.2.output.LayerNorm.bias', 'bert.encoder.layer.3.attention.output.LayerNorm.weight', 'bert.encoder.layer.3.attention.output.LayerNorm.bias', 'bert.encoder.layer.3.output.LayerNorm.weight', 'bert.encoder.layer.3.output.LayerNorm.bias', 'bert.encoder.layer.4.attention.output.LayerNorm.weight', 'bert.encoder.layer.4.attention.output.LayerNorm.bias', 'bert.encoder.layer.4.output.LayerNorm.weight', 'bert.encoder.layer.4.output.LayerNorm.bias', 'bert.encoder.layer.5.attention.output.LayerNorm.weight', 'bert.encoder.layer.5.attention.output.LayerNorm.bias', 'bert.encoder.layer.5.output.LayerNorm.weight', 'bert.encoder.layer.5.output.LayerNorm.bias', 'bert.encoder.layer.6.attention.output.LayerNorm.weight', 'bert.encoder.layer.6.attention.output.LayerNorm.bias', 'bert.encoder.layer.6.output.LayerNorm.weight', 'bert.encoder.layer.6.output.LayerNorm.bias', 'bert.encoder.layer.7.attention.output.LayerNorm.weight', 'bert.encoder.layer.7.attention.output.LayerNorm.bias', 'bert.encoder.layer.7.output.LayerNorm.weight', 'bert.encoder.layer.7.output.LayerNorm.bias', 'bert.encoder.layer.8.attention.output.LayerNorm.weight', 'bert.encoder.layer.8.attention.output.LayerNorm.bias', 'bert.encoder.layer.8.output.LayerNorm.weight', 'bert.encoder.layer.8.output.LayerNorm.bias', 'bert.encoder.layer.9.attention.output.LayerNorm.weight', 'bert.encoder.layer.9.attention.output.LayerNorm.bias', 'bert.encoder.layer.9.output.LayerNorm.weight', 'bert.encoder.layer.9.output.LayerNorm.bias', 'bert.encoder.layer.10.attention.output.LayerNorm.weight', 'bert.encoder.layer.10.attention.output.LayerNorm.bias', 'bert.encoder.layer.10.output.LayerNorm.weight', 'bert.encoder.layer.10.output.LayerNorm.bias', 'bert.encoder.layer.11.attention.output.LayerNorm.weight', 'bert.encoder.layer.11.attention.output.LayerNorm.bias', 'bert.encoder.layer.11.output.LayerNorm.weight', 'bert.encoder.layer.11.output.LayerNorm.bias'].
There were unexpected keys in the checkpoint model loaded: ['bert.embeddings.LayerNorm.beta', 'bert.embeddings.LayerNorm.gamma', 'bert.encoder.layer.0.attention.output.LayerNorm.beta', 'bert.encoder.layer.0.attention.output.LayerNorm.gamma', 'bert.encoder.layer.0.output.LayerNorm.beta', 'bert.encoder.layer.0.output.LayerNorm.gamma', 'bert.encoder.layer.1.attention.output.LayerNorm.beta', 'bert.encoder.layer.1.attention.output.LayerNorm.gamma', 'bert.encoder.layer.1.output.LayerNorm.beta', 'bert.encoder.layer.1.output.LayerNorm.gamma', 'bert.encoder.layer.2.attention.output.LayerNorm.beta', 'bert.encoder.layer.2.attention.output.LayerNorm.gamma', 'bert.encoder.layer.2.output.LayerNorm.beta', 'bert.encoder.layer.2.output.LayerNorm.gamma', 'bert.encoder.layer.3.attention.output.LayerNorm.beta', 'bert.encoder.layer.3.attention.output.LayerNorm.gamma', 'bert.encoder.layer.3.output.LayerNorm.beta', 'bert.encoder.layer.3.output.LayerNorm.gamma', 'bert.encoder.layer.4.attention.output.LayerNorm.beta', 'bert.encoder.layer.4.attention.output.LayerNorm.gamma', 'bert.encoder.layer.4.output.LayerNorm.beta', 'bert.encoder.layer.4.output.LayerNorm.gamma', 'bert.encoder.layer.5.attention.output.LayerNorm.beta', 'bert.encoder.layer.5.attention.output.LayerNorm.gamma', 'bert.encoder.layer.5.output.LayerNorm.beta', 'bert.encoder.layer.5.output.LayerNorm.gamma', 'bert.encoder.layer.6.attention.output.LayerNorm.beta', 'bert.encoder.layer.6.attention.output.LayerNorm.gamma', 'bert.encoder.layer.6.output.LayerNorm.beta', 'bert.encoder.layer.6.output.LayerNorm.gamma', 'bert.encoder.layer.7.attention.output.LayerNorm.beta', 'bert.encoder.layer.7.attention.output.LayerNorm.gamma', 'bert.encoder.layer.7.output.LayerNorm.beta', 'bert.encoder.layer.7.output.LayerNorm.gamma', 'bert.encoder.layer.8.attention.output.LayerNorm.beta', 'bert.encoder.layer.8.attention.output.LayerNorm.gamma', 'bert.encoder.layer.8.output.LayerNorm.beta', 'bert.encoder.layer.8.output.LayerNorm.gamma', 'bert.encoder.layer.9.attention.output.LayerNorm.beta', 'bert.encoder.layer.9.attention.output.LayerNorm.gamma', 'bert.encoder.layer.9.output.LayerNorm.beta', 'bert.encoder.layer.9.output.LayerNorm.gamma', 'bert.encoder.layer.10.attention.output.LayerNorm.beta', 'bert.encoder.layer.10.attention.output.LayerNorm.gamma', 'bert.encoder.layer.10.output.LayerNorm.beta', 'bert.encoder.layer.10.output.LayerNorm.gamma', 'bert.encoder.layer.11.attention.output.LayerNorm.beta', 'bert.encoder.layer.11.attention.output.LayerNorm.gamma', 'bert.encoder.layer.11.output.LayerNorm.beta', 'bert.encoder.layer.11.output.LayerNorm.gamma'].
[data] using cached CSV files from data/raw
[compat] ignoring unsupported TrainingArguments kwargs: overwrite_output_dir
{'loss': '0.4547', 'grad_norm': '4.571', 'learning_rate': '9.998e-06', 'epoch': '1'}
{'eval_loss': '0.4417', 'eval_accuracy': '0.798', 'eval_precision': '0.6278', 'eval_recall': '0.4731', 'eval_f1': '0.5396', 'eval_runtime': '2.475', 'eval_samples_per_second': '570.2', 'eval_steps_per_second': '9.294', 'epoch': '1'}
{'loss': '0.3667', 'grad_norm': '6.925', 'learning_rate': '9.99e-06', 'epoch': '2'}
{'eval_loss': '0.4599', 'eval_accuracy': '0.7803', 'eval_precision': '0.5539', 'eval_recall': '0.6261', 'eval_f1': '0.5878', 'eval_runtime': '2.609', 'eval_samples_per_second': '540.8', 'eval_steps_per_second': '8.816', 'epoch': '2'}
{'loss': '0.262', 'grad_norm': '8.481', 'learning_rate': '9.978e-06', 'epoch': '3'}
{'eval_loss': '0.5291', 'eval_accuracy': '0.7824', 'eval_precision': '0.5767', 'eval_recall': '0.4901', 'eval_f1': '0.5299', 'eval_runtime': '2.68', 'eval_samples_per_second': '526.4', 'eval_steps_per_second': '8.581', 'epoch': '3'}
{'loss': '0.1492', 'grad_norm': '14.64', 'learning_rate': '9.961e-06', 'epoch': '4'}
{'eval_loss': '0.7569', 'eval_accuracy': '0.7768', 'eval_precision': '0.5792', 'eval_recall': '0.3938', 'eval_f1': '0.4688', 'eval_runtime': '2.732', 'eval_samples_per_second': '516.4', 'eval_steps_per_second': '8.418', 'epoch': '4'}
{'loss': '0.08713', 'grad_norm': '3.146', 'learning_rate': '9.939e-06', 'epoch': '5'}
{'eval_loss': '0.9969', 'eval_accuracy': '0.7782', 'eval_precision': '0.5629', 'eval_recall': '0.5071', 'eval_f1': '0.5335', 'eval_runtime': '2.74', 'eval_samples_per_second': '514.9', 'eval_steps_per_second': '8.393', 'epoch': '5'}
{'train_runtime': '457.7', 'train_samples_per_second': '2159', 'train_steps_per_second': '67.51', 'train_loss': '0.2639', 'epoch': '5'}
{'eval_loss': '0.4598', 'eval_accuracy': '0.7803', 'eval_precision': '0.5539', 'eval_recall': '0.6261', 'eval_f1': '0.5878', 'eval_runtime': '2.521', 'eval_samples_per_second': '559.6', 'eval_steps_per_second': '9.122', 'epoch': '5'}
{
  "dataset": "reddit",
  "model_alias": "indobert-base",
  "model_name": "indobenchmark/indobert-base-p1",
  "accuracy": 0.778,
  "precision": 0.5493,
  "recall": 0.6232,
  "f1": 0.5839,
  "learning_rate": 1e-05,
  "lr_scheduler_type": "cosine",
  "epochs": 100.0,
  "batch_size": 32,
  "eval_batch_size": 64,
  "max_length": 128,
  "weight_decay": 0.03,
  "label_smoothing_factor": 0.0,
  "pad_to_max_length": true,
  "shuffle_train_dataset": true,
  "early_stopping_patience": 3,
  "early_stopping_threshold": 0.01,
  "max_train_samples": null,
  "max_eval_samples": null,
  "max_predict_samples": null,
  "sample_limited": false,
  "seed": 42,
  "fp16": true,
  "disable_tqdm": true,
  "gradient_accumulation_steps": 1,
  "gradient_checkpointing": false,
  "auto_find_batch_size": false
}
