[log] writing to results/logs/progress-4-zeroshot-twitter-hf-logprobs-bloomz-7b1-full.log
[run] started_at=2026-04-25T13:16:33+00:00
[run] backend=hf-logprobs dataset=twitter split=test model=bigscience/bloomz-7b1
[run] output_dir=results/zeroshot/twitter-hf-logprobs-bloomz-7b1
[run] table_path=results/tables/zeroshot_baselines.csv
[data] cached split not found, loading w11wo/twitter_indonesia_sarcastic:test from HuggingFace
Warning: You are sending unauthenticated requests to the HF Hub. Please set a HF_TOKEN to enable higher rate limits and faster downloads.
[data] examples=538 sample_limited=False
`torch_dtype` is deprecated! Use `dtype` instead!
Some parameters are on the meta device because they were offloaded to the cpu.
[metrics] prompt_id=0 {'accuracy': 0.2546, 'precision': 0.2467, 'recall': 0.9701, 'f1': 0.3933}
[metrics] prompt_id=1 {'accuracy': 0.2565, 'precision': 0.2471, 'recall': 0.9701, 'f1': 0.3939}
[metrics] prompt_id=2 {'accuracy': 0.2491, 'precision': 0.2491, 'recall': 1.0, 'f1': 0.3988}
[metrics] prompt_id=3 {'accuracy': 0.2491, 'precision': 0.2491, 'recall': 1.0, 'f1': 0.3988}
[metrics] prompt_id=4 {'accuracy': 0.2565, 'precision': 0.2491, 'recall': 0.9851, 'f1': 0.3976}
[run] ended_at=2026-04-25T13:44:26+00:00 runtime_seconds=1672.24
{
  "dataset": "twitter",
  "backend": "hf-logprobs",
  "model_alias": "bloomz-7b1",
  "model_name": "bigscience/bloomz-7b1",
  "split": "test",
  "accuracy": 0.2532,
  "precision": 0.2482,
  "recall": 0.9851,
  "f1": 0.3965,
  "prompt_count": 5,
  "num_examples": 538,
  "invalid_outputs": 0,
  "runtime_seconds": 1672.24,
  "avg_latency_seconds": 0.5579,
  "sample_limited": false,
  "model_max_length": 1024,
  "dtype": "float16",
  "load_8bit": false,
  "device_map": "auto",
  "temperature": null,
  "max_new_tokens": null,
  "run_started_at": "2026-04-25T13:16:33+00:00",
  "run_ended_at": "2026-04-25T13:44:26+00:00"
}
