
[data] using cached CSV files from data/raw
Map: 100% 1878/1878 [00:00<00:00, 4643.76 examples/s]
Map: 100% 268/268 [00:00<00:00, 3419.99 examples/s]
Map: 100% 538/538 [00:00<00:00, 4191.58 examples/s]
Warning: You are sending unauthenticated requests to the HF Hub. Please set a HF_TOKEN to enable higher rate limits and faster downloads.
Loading weights: 100% 199/199 [00:00<00:00, 1479.53it/s, Materializing param=bert.pooler.dense.weight]
BertForSequenceClassification LOAD REPORT from: indobenchmark/indobert-base-p1
Key               | Status  | 
------------------+---------+-
classifier.weight | MISSING | 
classifier.bias   | MISSING | 

Notes:
- MISSING	:those params were newly initialized because missing from the checkpoint. Consider training on your downstream task.
[compat] ignoring unsupported TrainingArguments kwargs: overwrite_output_dir
{'loss': '0.5172', 'grad_norm': '4.209', 'learning_rate': '9.998e-06', 'epoch': '1'}
1% 59/5900 [00:11<17:43,  5.49it/s]
0% 0/5 [00:00<?, ?it/s]
 40% 2/5 [00:00<00:00, 18.13it/s]
                                   
{'eval_loss': '0.4313', 'eval_accuracy': '0.7948', 'eval_precision': '0.5789', 'eval_recall': '0.6567', 'eval_f1': '0.6154', 'eval_runtime': '0.4913', 'eval_samples_per_second': '545.4', 'eval_steps_per_second': '10.18', 'epoch': '1'}
1% 59/5900 [00:12<17:43,  5.49it/s]
100% 5/5 [00:00<00:00, 11.60it/s]
                               
Writing model shards:   0% 0/1 [00:00<?, ?it/s]
Writing model shards: 100% 1/1 [00:01<00:00,  1.72s/it]
{'loss': '0.3906', 'grad_norm': '5.518', 'learning_rate': '9.99e-06', 'epoch': '2'}
2% 118/5900 [00:31<17:18,  5.57it/s]
0% 0/5 [00:00<?, ?it/s]
 40% 2/5 [00:00<00:00, 17.35it/s]
                                    
{'eval_loss': '0.3504', 'eval_accuracy': '0.8246', 'eval_precision': '0.7', 'eval_recall': '0.5224', 'eval_f1': '0.5983', 'eval_runtime': '0.4985', 'eval_samples_per_second': '537.6', 'eval_steps_per_second': '10.03', 'epoch': '2'}
2% 118/5900 [00:31<17:18,  5.57it/s]
100% 5/5 [00:00<00:00, 10.86it/s]
                               
Writing model shards:   0% 0/1 [00:00<?, ?it/s]
Writing model shards: 100% 1/1 [00:01<00:00,  1.69s/it]
{'loss': '0.282', 'grad_norm': '5.5', 'learning_rate': '9.978e-06', 'epoch': '3'}
3% 177/5900 [00:52<17:44,  5.37it/s]
0% 0/5 [00:00<?, ?it/s]
 40% 2/5 [00:00<00:00, 16.52it/s]
                                    
{'eval_loss': '0.3558', 'eval_accuracy': '0.8433', 'eval_precision': '0.7273', 'eval_recall': '0.597', 'eval_f1': '0.6557', 'eval_runtime': '0.518', 'eval_samples_per_second': '517.4', 'eval_steps_per_second': '9.653', 'epoch': '3'}
3% 177/5900 [00:53<17:44,  5.37it/s]
100% 5/5 [00:00<00:00, 10.64it/s]
                               
Writing model shards:   0% 0/1 [00:00<?, ?it/s]
Writing model shards: 100% 1/1 [00:08<00:00,  8.07s/it]
{'loss': '0.1819', 'grad_norm': '7.229', 'learning_rate': '9.961e-06', 'epoch': '4'}
4% 236/5900 [01:18<18:35,  5.08it/s]
0% 0/5 [00:00<?, ?it/s]
 40% 2/5 [00:00<00:00, 15.01it/s]
                                    
{'eval_loss': '0.3478', 'eval_accuracy': '0.8694', 'eval_precision': '0.75', 'eval_recall': '0.7164', 'eval_f1': '0.7328', 'eval_runtime': '0.5468', 'eval_samples_per_second': '490.1', 'eval_steps_per_second': '9.144', 'epoch': '4'}
4% 236/5900 [01:19<18:35,  5.08it/s]
100% 5/5 [00:00<00:00, 10.00it/s]
                               
Writing model shards:   0% 0/1 [00:00<?, ?it/s]
Writing model shards: 100% 1/1 [00:10<00:00, 10.37s/it]
{'loss': '0.09221', 'grad_norm': '12.11', 'learning_rate': '9.939e-06', 'epoch': '5'}
5% 295/5900 [01:46<19:22,  4.82it/s]
0% 0/5 [00:00<?, ?it/s]
 40% 2/5 [00:00<00:00, 14.34it/s]
                                    
{'eval_loss': '0.4264', 'eval_accuracy': '0.8619', 'eval_precision': '0.7143', 'eval_recall': '0.7463', 'eval_f1': '0.7299', 'eval_runtime': '0.5954', 'eval_samples_per_second': '450.1', 'eval_steps_per_second': '8.398', 'epoch': '5'}
5% 295/5900 [01:47<19:22,  4.82it/s]
100% 5/5 [00:00<00:00,  9.03it/s]
                               
Writing model shards:   0% 0/1 [00:00<?, ?it/s]
Writing model shards: 100% 1/1 [00:01<00:00,  1.89s/it]
{'loss': '0.0555', 'grad_norm': '1.054', 'learning_rate': '9.912e-06', 'epoch': '6'}
6% 354/5900 [02:07<19:30,  4.74it/s]
0% 0/5 [00:00<?, ?it/s]
 40% 2/5 [00:00<00:00, 14.43it/s]
                                    
{'eval_loss': '0.533', 'eval_accuracy': '0.8806', 'eval_precision': '0.8431', 'eval_recall': '0.6418', 'eval_f1': '0.7288', 'eval_runtime': '0.5973', 'eval_samples_per_second': '448.7', 'eval_steps_per_second': '8.371', 'epoch': '6'}
6% 354/5900 [02:08<19:30,  4.74it/s]
100% 5/5 [00:00<00:00,  9.00it/s]
                               
Writing model shards:   0% 0/1 [00:00<?, ?it/s]
Writing model shards: 100% 1/1 [00:01<00:00,  1.75s/it]
{'loss': '0.03256', 'grad_norm': '0.1496', 'learning_rate': '9.88e-06', 'epoch': '7'}
7% 413/5900 [02:31<18:33,  4.93it/s]
0% 0/5 [00:00<?, ?it/s]
 40% 2/5 [00:00<00:00, 14.89it/s]
                                    
{'eval_loss': '0.5886', 'eval_accuracy': '0.8619', 'eval_precision': '0.7083', 'eval_recall': '0.7612', 'eval_f1': '0.7338', 'eval_runtime': '0.5778', 'eval_samples_per_second': '463.8', 'eval_steps_per_second': '8.653', 'epoch': '7'}
7% 413/5900 [02:31<18:33,  4.93it/s]
100% 5/5 [00:00<00:00,  9.27it/s]
                               
Writing model shards:   0% 0/1 [00:00<?, ?it/s]
Writing model shards: 100% 1/1 [00:06<00:00,  6.78s/it]
There were missing keys in the checkpoint model loaded: ['bert.embeddings.LayerNorm.weight', 'bert.embeddings.LayerNorm.bias', 'bert.encoder.layer.0.attention.output.LayerNorm.weight', 'bert.encoder.layer.0.attention.output.LayerNorm.bias', 'bert.encoder.layer.0.output.LayerNorm.weight', 'bert.encoder.layer.0.output.LayerNorm.bias', 'bert.encoder.layer.1.attention.output.LayerNorm.weight', 'bert.encoder.layer.1.attention.output.LayerNorm.bias', 'bert.encoder.layer.1.output.LayerNorm.weight', 'bert.encoder.layer.1.output.LayerNorm.bias', 'bert.encoder.layer.2.attention.output.LayerNorm.weight', 'bert.encoder.layer.2.attention.output.LayerNorm.bias', 'bert.encoder.layer.2.output.LayerNorm.weight', 'bert.encoder.layer.2.output.LayerNorm.bias', 'bert.encoder.layer.3.attention.output.LayerNorm.weight', 'bert.encoder.layer.3.attention.output.LayerNorm.bias', 'bert.encoder.layer.3.output.LayerNorm.weight', 'bert.encoder.layer.3.output.LayerNorm.bias', 'bert.encoder.layer.4.attention.output.LayerNorm.weight', 'bert.encoder.layer.4.attention.output.LayerNorm.bias', 'bert.encoder.layer.4.output.LayerNorm.weight', 'bert.encoder.layer.4.output.LayerNorm.bias', 'bert.encoder.layer.5.attention.output.LayerNorm.weight', 'bert.encoder.layer.5.attention.output.LayerNorm.bias', 'bert.encoder.layer.5.output.LayerNorm.weight', 'bert.encoder.layer.5.output.LayerNorm.bias', 'bert.encoder.layer.6.attention.output.LayerNorm.weight', 'bert.encoder.layer.6.attention.output.LayerNorm.bias', 'bert.encoder.layer.6.output.LayerNorm.weight', 'bert.encoder.layer.6.output.LayerNorm.bias', 'bert.encoder.layer.7.attention.output.LayerNorm.weight', 'bert.encoder.layer.7.attention.output.LayerNorm.bias', 'bert.encoder.layer.7.output.LayerNorm.weight', 'bert.encoder.layer.7.output.LayerNorm.bias', 'bert.encoder.layer.8.attention.output.LayerNorm.weight', 'bert.encoder.layer.8.attention.output.LayerNorm.bias', 'bert.encoder.layer.8.output.LayerNorm.weight', 'bert.encoder.layer.8.output.LayerNorm.bias', 'bert.encoder.layer.9.attention.output.LayerNorm.weight', 'bert.encoder.layer.9.attention.output.LayerNorm.bias', 'bert.encoder.layer.9.output.LayerNorm.weight', 'bert.encoder.layer.9.output.LayerNorm.bias', 'bert.encoder.layer.10.attention.output.LayerNorm.weight', 'bert.encoder.layer.10.attention.output.LayerNorm.bias', 'bert.encoder.layer.10.output.LayerNorm.weight', 'bert.encoder.layer.10.output.LayerNorm.bias', 'bert.encoder.layer.11.attention.output.LayerNorm.weight', 'bert.encoder.layer.11.attention.output.LayerNorm.bias', 'bert.encoder.layer.11.output.LayerNorm.weight', 'bert.encoder.layer.11.output.LayerNorm.bias'].
There were unexpected keys in the checkpoint model loaded: ['bert.embeddings.LayerNorm.beta', 'bert.embeddings.LayerNorm.gamma', 'bert.encoder.layer.0.attention.output.LayerNorm.beta', 'bert.encoder.layer.0.attention.output.LayerNorm.gamma', 'bert.encoder.layer.0.output.LayerNorm.beta', 'bert.encoder.layer.0.output.LayerNorm.gamma', 'bert.encoder.layer.1.attention.output.LayerNorm.beta', 'bert.encoder.layer.1.attention.output.LayerNorm.gamma', 'bert.encoder.layer.1.output.LayerNorm.beta', 'bert.encoder.layer.1.output.LayerNorm.gamma', 'bert.encoder.layer.2.attention.output.LayerNorm.beta', 'bert.encoder.layer.2.attention.output.LayerNorm.gamma', 'bert.encoder.layer.2.output.LayerNorm.beta', 'bert.encoder.layer.2.output.LayerNorm.gamma', 'bert.encoder.layer.3.attention.output.LayerNorm.beta', 'bert.encoder.layer.3.attention.output.LayerNorm.gamma', 'bert.encoder.layer.3.output.LayerNorm.beta', 'bert.encoder.layer.3.output.LayerNorm.gamma', 'bert.encoder.layer.4.attention.output.LayerNorm.beta', 'bert.encoder.layer.4.attention.output.LayerNorm.gamma', 'bert.encoder.layer.4.output.LayerNorm.beta', 'bert.encoder.layer.4.output.LayerNorm.gamma', 'bert.encoder.layer.5.attention.output.LayerNorm.beta', 'bert.encoder.layer.5.attention.output.LayerNorm.gamma', 'bert.encoder.layer.5.output.LayerNorm.beta', 'bert.encoder.layer.5.output.LayerNorm.gamma', 'bert.encoder.layer.6.attention.output.LayerNorm.beta', 'bert.encoder.layer.6.attention.output.LayerNorm.gamma', 'bert.encoder.layer.6.output.LayerNorm.beta', 'bert.encoder.layer.6.output.LayerNorm.gamma', 'bert.encoder.layer.7.attention.output.LayerNorm.beta', 'bert.encoder.layer.7.attention.output.LayerNorm.gamma', 'bert.encoder.layer.7.output.LayerNorm.beta', 'bert.encoder.layer.7.output.LayerNorm.gamma', 'bert.encoder.layer.8.attention.output.LayerNorm.beta', 'bert.encoder.layer.8.attention.output.LayerNorm.gamma', 'bert.encoder.layer.8.output.LayerNorm.beta', 'bert.encoder.layer.8.output.LayerNorm.gamma', 'bert.encoder.layer.9.attention.output.LayerNorm.beta', 'bert.encoder.layer.9.attention.output.LayerNorm.gamma', 'bert.encoder.layer.9.output.LayerNorm.beta', 'bert.encoder.layer.9.output.LayerNorm.gamma', 'bert.encoder.layer.10.attention.output.LayerNorm.beta', 'bert.encoder.layer.10.attention.output.LayerNorm.gamma', 'bert.encoder.layer.10.output.LayerNorm.beta', 'bert.encoder.layer.10.output.LayerNorm.gamma', 'bert.encoder.layer.11.attention.output.LayerNorm.beta', 'bert.encoder.layer.11.attention.output.LayerNorm.gamma', 'bert.encoder.layer.11.output.LayerNorm.beta', 'bert.encoder.layer.11.output.LayerNorm.gamma'].
{'train_runtime': '166.5', 'train_samples_per_second': '1128', 'train_steps_per_second': '35.44', 'train_loss': '0.2217', 'epoch': '7'}
7% 413/5900 [02:46<36:51,  2.48it/s]
100% 5/5 [00:00<00:00, 11.32it/s]
100% 9/9 [00:00<00:00,  9.62it/s]
{
"dataset": "twitter",
"model_alias": "indobert-base",
"model_name": "indobenchmark/indobert-base-p1",
"accuracy": 0.8364,
"precision": 0.662,
"recall": 0.7015,
"f1": 0.6812,
"learning_rate": 1e-05,
"lr_scheduler_type": "cosine",
"epochs": 100.0,
"batch_size": 32,
"eval_batch_size": 64,
"max_length": 128,
"weight_decay": 0.03,
"label_smoothing_factor": 0.0,
"pad_to_max_length": true,
"shuffle_train_dataset": true,
"early_stopping_patience": 3,
"early_stopping_threshold": 0.01,
"max_train_samples": null,
"max_eval_samples": null,
"max_predict_samples": null,
"sample_limited": false,
"seed": 42,
"fp16": true
}


