Warning: You are sending unauthenticated requests to the HF Hub. Please set a HF_TOKEN to enable higher rate limits and faster downloads.
BertForSequenceClassification LOAD REPORT from: indobenchmark/indobert-large-p1
Key               | Status  | 
------------------+---------+-
classifier.weight | MISSING | 
classifier.bias   | MISSING | 

Notes:
- MISSING	:those params were newly initialized because missing from the checkpoint. Consider training on your downstream task.
There were missing keys in the checkpoint model loaded: ['bert.embeddings.LayerNorm.weight', 'bert.embeddings.LayerNorm.bias', 'bert.encoder.layer.0.attention.output.LayerNorm.weight', 'bert.encoder.layer.0.attention.output.LayerNorm.bias', 'bert.encoder.layer.0.output.LayerNorm.weight', 'bert.encoder.layer.0.output.LayerNorm.bias', 'bert.encoder.layer.1.attention.output.LayerNorm.weight', 'bert.encoder.layer.1.attention.output.LayerNorm.bias', 'bert.encoder.layer.1.output.LayerNorm.weight', 'bert.encoder.layer.1.output.LayerNorm.bias', 'bert.encoder.layer.2.attention.output.LayerNorm.weight', 'bert.encoder.layer.2.attention.output.LayerNorm.bias', 'bert.encoder.layer.2.output.LayerNorm.weight', 'bert.encoder.layer.2.output.LayerNorm.bias', 'bert.encoder.layer.3.attention.output.LayerNorm.weight', 'bert.encoder.layer.3.attention.output.LayerNorm.bias', 'bert.encoder.layer.3.output.LayerNorm.weight', 'bert.encoder.layer.3.output.LayerNorm.bias', 'bert.encoder.layer.4.attention.output.LayerNorm.weight', 'bert.encoder.layer.4.attention.output.LayerNorm.bias', 'bert.encoder.layer.4.output.LayerNorm.weight', 'bert.encoder.layer.4.output.LayerNorm.bias', 'bert.encoder.layer.5.attention.output.LayerNorm.weight', 'bert.encoder.layer.5.attention.output.LayerNorm.bias', 'bert.encoder.layer.5.output.LayerNorm.weight', 'bert.encoder.layer.5.output.LayerNorm.bias', 'bert.encoder.layer.6.attention.output.LayerNorm.weight', 'bert.encoder.layer.6.attention.output.LayerNorm.bias', 'bert.encoder.layer.6.output.LayerNorm.weight', 'bert.encoder.layer.6.output.LayerNorm.bias', 'bert.encoder.layer.7.attention.output.LayerNorm.weight', 'bert.encoder.layer.7.attention.output.LayerNorm.bias', 'bert.encoder.layer.7.output.LayerNorm.weight', 'bert.encoder.layer.7.output.LayerNorm.bias', 'bert.encoder.layer.8.attention.output.LayerNorm.weight', 'bert.encoder.layer.8.attention.output.LayerNorm.bias', 'bert.encoder.layer.8.output.LayerNorm.weight', 'bert.encoder.layer.8.output.LayerNorm.bias', 'bert.encoder.layer.9.attention.output.LayerNorm.weight', 'bert.encoder.layer.9.attention.output.LayerNorm.bias', 'bert.encoder.layer.9.output.LayerNorm.weight', 'bert.encoder.layer.9.output.LayerNorm.bias', 'bert.encoder.layer.10.attention.output.LayerNorm.weight', 'bert.encoder.layer.10.attention.output.LayerNorm.bias', 'bert.encoder.layer.10.output.LayerNorm.weight', 'bert.encoder.layer.10.output.LayerNorm.bias', 'bert.encoder.layer.11.attention.output.LayerNorm.weight', 'bert.encoder.layer.11.attention.output.LayerNorm.bias', 'bert.encoder.layer.11.output.LayerNorm.weight', 'bert.encoder.layer.11.output.LayerNorm.bias', 'bert.encoder.layer.12.attention.output.LayerNorm.weight', 'bert.encoder.layer.12.attention.output.LayerNorm.bias', 'bert.encoder.layer.12.output.LayerNorm.weight', 'bert.encoder.layer.12.output.LayerNorm.bias', 'bert.encoder.layer.13.attention.output.LayerNorm.weight', 'bert.encoder.layer.13.attention.output.LayerNorm.bias', 'bert.encoder.layer.13.output.LayerNorm.weight', 'bert.encoder.layer.13.output.LayerNorm.bias', 'bert.encoder.layer.14.attention.output.LayerNorm.weight', 'bert.encoder.layer.14.attention.output.LayerNorm.bias', 'bert.encoder.layer.14.output.LayerNorm.weight', 'bert.encoder.layer.14.output.LayerNorm.bias', 'bert.encoder.layer.15.attention.output.LayerNorm.weight', 'bert.encoder.layer.15.attention.output.LayerNorm.bias', 'bert.encoder.layer.15.output.LayerNorm.weight', 'bert.encoder.layer.15.output.LayerNorm.bias', 'bert.encoder.layer.16.attention.output.LayerNorm.weight', 'bert.encoder.layer.16.attention.output.LayerNorm.bias', 'bert.encoder.layer.16.output.LayerNorm.weight', 'bert.encoder.layer.16.output.LayerNorm.bias', 'bert.encoder.layer.17.attention.output.LayerNorm.weight', 'bert.encoder.layer.17.attention.output.LayerNorm.bias', 'bert.encoder.layer.17.output.LayerNorm.weight', 'bert.encoder.layer.17.output.LayerNorm.bias', 'bert.encoder.layer.18.attention.output.LayerNorm.weight', 'bert.encoder.layer.18.attention.output.LayerNorm.bias', 'bert.encoder.layer.18.output.LayerNorm.weight', 'bert.encoder.layer.18.output.LayerNorm.bias', 'bert.encoder.layer.19.attention.output.LayerNorm.weight', 'bert.encoder.layer.19.attention.output.LayerNorm.bias', 'bert.encoder.layer.19.output.LayerNorm.weight', 'bert.encoder.layer.19.output.LayerNorm.bias', 'bert.encoder.layer.20.attention.output.LayerNorm.weight', 'bert.encoder.layer.20.attention.output.LayerNorm.bias', 'bert.encoder.layer.20.output.LayerNorm.weight', 'bert.encoder.layer.20.output.LayerNorm.bias', 'bert.encoder.layer.21.attention.output.LayerNorm.weight', 'bert.encoder.layer.21.attention.output.LayerNorm.bias', 'bert.encoder.layer.21.output.LayerNorm.weight', 'bert.encoder.layer.21.output.LayerNorm.bias', 'bert.encoder.layer.22.attention.output.LayerNorm.weight', 'bert.encoder.layer.22.attention.output.LayerNorm.bias', 'bert.encoder.layer.22.output.LayerNorm.weight', 'bert.encoder.layer.22.output.LayerNorm.bias', 'bert.encoder.layer.23.attention.output.LayerNorm.weight', 'bert.encoder.layer.23.attention.output.LayerNorm.bias', 'bert.encoder.layer.23.output.LayerNorm.weight', 'bert.encoder.layer.23.output.LayerNorm.bias'].
There were unexpected keys in the checkpoint model loaded: ['bert.embeddings.LayerNorm.beta', 'bert.embeddings.LayerNorm.gamma', 'bert.encoder.layer.0.attention.output.LayerNorm.beta', 'bert.encoder.layer.0.attention.output.LayerNorm.gamma', 'bert.encoder.layer.0.output.LayerNorm.beta', 'bert.encoder.layer.0.output.LayerNorm.gamma', 'bert.encoder.layer.1.attention.output.LayerNorm.beta', 'bert.encoder.layer.1.attention.output.LayerNorm.gamma', 'bert.encoder.layer.1.output.LayerNorm.beta', 'bert.encoder.layer.1.output.LayerNorm.gamma', 'bert.encoder.layer.2.attention.output.LayerNorm.beta', 'bert.encoder.layer.2.attention.output.LayerNorm.gamma', 'bert.encoder.layer.2.output.LayerNorm.beta', 'bert.encoder.layer.2.output.LayerNorm.gamma', 'bert.encoder.layer.3.attention.output.LayerNorm.beta', 'bert.encoder.layer.3.attention.output.LayerNorm.gamma', 'bert.encoder.layer.3.output.LayerNorm.beta', 'bert.encoder.layer.3.output.LayerNorm.gamma', 'bert.encoder.layer.4.attention.output.LayerNorm.beta', 'bert.encoder.layer.4.attention.output.LayerNorm.gamma', 'bert.encoder.layer.4.output.LayerNorm.beta', 'bert.encoder.layer.4.output.LayerNorm.gamma', 'bert.encoder.layer.5.attention.output.LayerNorm.beta', 'bert.encoder.layer.5.attention.output.LayerNorm.gamma', 'bert.encoder.layer.5.output.LayerNorm.beta', 'bert.encoder.layer.5.output.LayerNorm.gamma', 'bert.encoder.layer.6.attention.output.LayerNorm.beta', 'bert.encoder.layer.6.attention.output.LayerNorm.gamma', 'bert.encoder.layer.6.output.LayerNorm.beta', 'bert.encoder.layer.6.output.LayerNorm.gamma', 'bert.encoder.layer.7.attention.output.LayerNorm.beta', 'bert.encoder.layer.7.attention.output.LayerNorm.gamma', 'bert.encoder.layer.7.output.LayerNorm.beta', 'bert.encoder.layer.7.output.LayerNorm.gamma', 'bert.encoder.layer.8.attention.output.LayerNorm.beta', 'bert.encoder.layer.8.attention.output.LayerNorm.gamma', 'bert.encoder.layer.8.output.LayerNorm.beta', 'bert.encoder.layer.8.output.LayerNorm.gamma', 'bert.encoder.layer.9.attention.output.LayerNorm.beta', 'bert.encoder.layer.9.attention.output.LayerNorm.gamma', 'bert.encoder.layer.9.output.LayerNorm.beta', 'bert.encoder.layer.9.output.LayerNorm.gamma', 'bert.encoder.layer.10.attention.output.LayerNorm.beta', 'bert.encoder.layer.10.attention.output.LayerNorm.gamma', 'bert.encoder.layer.10.output.LayerNorm.beta', 'bert.encoder.layer.10.output.LayerNorm.gamma', 'bert.encoder.layer.11.attention.output.LayerNorm.beta', 'bert.encoder.layer.11.attention.output.LayerNorm.gamma', 'bert.encoder.layer.11.output.LayerNorm.beta', 'bert.encoder.layer.11.output.LayerNorm.gamma', 'bert.encoder.layer.12.attention.output.LayerNorm.beta', 'bert.encoder.layer.12.attention.output.LayerNorm.gamma', 'bert.encoder.layer.12.output.LayerNorm.beta', 'bert.encoder.layer.12.output.LayerNorm.gamma', 'bert.encoder.layer.13.attention.output.LayerNorm.beta', 'bert.encoder.layer.13.attention.output.LayerNorm.gamma', 'bert.encoder.layer.13.output.LayerNorm.beta', 'bert.encoder.layer.13.output.LayerNorm.gamma', 'bert.encoder.layer.14.attention.output.LayerNorm.beta', 'bert.encoder.layer.14.attention.output.LayerNorm.gamma', 'bert.encoder.layer.14.output.LayerNorm.beta', 'bert.encoder.layer.14.output.LayerNorm.gamma', 'bert.encoder.layer.15.attention.output.LayerNorm.beta', 'bert.encoder.layer.15.attention.output.LayerNorm.gamma', 'bert.encoder.layer.15.output.LayerNorm.beta', 'bert.encoder.layer.15.output.LayerNorm.gamma', 'bert.encoder.layer.16.attention.output.LayerNorm.beta', 'bert.encoder.layer.16.attention.output.LayerNorm.gamma', 'bert.encoder.layer.16.output.LayerNorm.beta', 'bert.encoder.layer.16.output.LayerNorm.gamma', 'bert.encoder.layer.17.attention.output.LayerNorm.beta', 'bert.encoder.layer.17.attention.output.LayerNorm.gamma', 'bert.encoder.layer.17.output.LayerNorm.beta', 'bert.encoder.layer.17.output.LayerNorm.gamma', 'bert.encoder.layer.18.attention.output.LayerNorm.beta', 'bert.encoder.layer.18.attention.output.LayerNorm.gamma', 'bert.encoder.layer.18.output.LayerNorm.beta', 'bert.encoder.layer.18.output.LayerNorm.gamma', 'bert.encoder.layer.19.attention.output.LayerNorm.beta', 'bert.encoder.layer.19.attention.output.LayerNorm.gamma', 'bert.encoder.layer.19.output.LayerNorm.beta', 'bert.encoder.layer.19.output.LayerNorm.gamma', 'bert.encoder.layer.20.attention.output.LayerNorm.beta', 'bert.encoder.layer.20.attention.output.LayerNorm.gamma', 'bert.encoder.layer.20.output.LayerNorm.beta', 'bert.encoder.layer.20.output.LayerNorm.gamma', 'bert.encoder.layer.21.attention.output.LayerNorm.beta', 'bert.encoder.layer.21.attention.output.LayerNorm.gamma', 'bert.encoder.layer.21.output.LayerNorm.beta', 'bert.encoder.layer.21.output.LayerNorm.gamma', 'bert.encoder.layer.22.attention.output.LayerNorm.beta', 'bert.encoder.layer.22.attention.output.LayerNorm.gamma', 'bert.encoder.layer.22.output.LayerNorm.beta', 'bert.encoder.layer.22.output.LayerNorm.gamma', 'bert.encoder.layer.23.attention.output.LayerNorm.beta', 'bert.encoder.layer.23.attention.output.LayerNorm.gamma', 'bert.encoder.layer.23.output.LayerNorm.beta', 'bert.encoder.layer.23.output.LayerNorm.gamma'].
[data] using cached CSV files from data/raw
[compat] ignoring unsupported TrainingArguments kwargs: overwrite_output_dir
{'loss': '0.4742', 'grad_norm': '4.12', 'learning_rate': '9.998e-06', 'epoch': '1'}
{'eval_loss': '0.442', 'eval_accuracy': '0.7888', 'eval_precision': '0.5831', 'eval_recall': '0.5467', 'eval_f1': '0.5643', 'eval_runtime': '7.894', 'eval_samples_per_second': '178.8', 'eval_steps_per_second': '2.914', 'epoch': '1'}
{'loss': '0.3714', 'grad_norm': '7.126', 'learning_rate': '9.99e-06', 'epoch': '2'}
{'eval_loss': '0.4355', 'eval_accuracy': '0.8009', 'eval_precision': '0.6029', 'eval_recall': '0.5977', 'eval_f1': '0.6003', 'eval_runtime': '7.957', 'eval_samples_per_second': '177.3', 'eval_steps_per_second': '2.89', 'epoch': '2'}
{'loss': '0.2436', 'grad_norm': '11.23', 'learning_rate': '9.978e-06', 'epoch': '3'}
{'eval_loss': '0.531', 'eval_accuracy': '0.7682', 'eval_precision': '0.529', 'eval_recall': '0.6714', 'eval_f1': '0.5918', 'eval_runtime': '7.865', 'eval_samples_per_second': '179.4', 'eval_steps_per_second': '2.924', 'epoch': '3'}
{'loss': '0.1325', 'grad_norm': '8.801', 'learning_rate': '9.961e-06', 'epoch': '4'}
{'eval_loss': '0.7171', 'eval_accuracy': '0.7931', 'eval_precision': '0.6109', 'eval_recall': '0.4759', 'eval_f1': '0.535', 'eval_runtime': '7.863', 'eval_samples_per_second': '179.4', 'eval_steps_per_second': '2.925', 'epoch': '4'}
{'loss': '0.06924', 'grad_norm': '5.007', 'learning_rate': '9.939e-06', 'epoch': '5'}
{'eval_loss': '0.9174', 'eval_accuracy': '0.7973', 'eval_precision': '0.6245', 'eval_recall': '0.4759', 'eval_f1': '0.5402', 'eval_runtime': '7.797', 'eval_samples_per_second': '181', 'eval_steps_per_second': '2.95', 'epoch': '5'}
{'train_runtime': '1442', 'train_samples_per_second': '685.2', 'train_steps_per_second': '21.43', 'train_loss': '0.2582', 'epoch': '5'}
{'eval_loss': '0.436', 'eval_accuracy': '0.8023', 'eval_precision': '0.6063', 'eval_recall': '0.5977', 'eval_f1': '0.602', 'eval_runtime': '7.642', 'eval_samples_per_second': '184.6', 'eval_steps_per_second': '3.01', 'epoch': '5'}
{
  "dataset": "reddit",
  "model_alias": "indobert-large",
  "model_name": "indobenchmark/indobert-large-p1",
  "accuracy": 0.7939,
  "precision": 0.5901,
  "recall": 0.5751,
  "f1": 0.5825,
  "learning_rate": 1e-05,
  "lr_scheduler_type": "cosine",
  "epochs": 100.0,
  "batch_size": 32,
  "eval_batch_size": 64,
  "max_length": 128,
  "weight_decay": 0.03,
  "label_smoothing_factor": 0.0,
  "pad_to_max_length": true,
  "shuffle_train_dataset": true,
  "early_stopping_patience": 3,
  "early_stopping_threshold": 0.01,
  "max_train_samples": null,
  "max_eval_samples": null,
  "max_predict_samples": null,
  "sample_limited": false,
  "seed": 42,
  "fp16": true,
  "disable_tqdm": true,
  "gradient_accumulation_steps": 1,
  "gradient_checkpointing": false,
  "auto_find_batch_size": false
}
