[log] writing to results/logs/progress-4-zeroshot-reddit-hf-logprobs-bloomz-1b1-full.log
[run] started_at=2026-04-25T14:32:32+00:00
[run] backend=hf-logprobs dataset=reddit split=test model=bigscience/bloomz-1b1
[run] output_dir=results/zeroshot/reddit-hf-logprobs-bloomz-1b1
[run] table_path=results/tables/zeroshot_baselines.csv
[data] cached split not found, loading w11wo/reddit_indonesia_sarcastic:test from HuggingFace
Warning: You are sending unauthenticated requests to the HF Hub. Please set a HF_TOKEN to enable higher rate limits and faster downloads.
[data] examples=2824 sample_limited=False
`torch_dtype` is deprecated! Use `dtype` instead!
[metrics] prompt_id=0 {'accuracy': 0.2525, 'precision': 0.2496, 'recall': 0.9915, 'f1': 0.3987}
[metrics] prompt_id=1 {'accuracy': 0.2535, 'precision': 0.2502, 'recall': 0.9943, 'f1': 0.3998}
[metrics] prompt_id=2 {'accuracy': 0.2507, 'precision': 0.2502, 'recall': 1.0, 'f1': 0.4002}
[metrics] prompt_id=3 {'accuracy': 0.335, 'precision': 0.2412, 'recall': 0.7734, 'f1': 0.3677}
[metrics] prompt_id=4 {'accuracy': 0.2737, 'precision': 0.2534, 'recall': 0.9788, 'f1': 0.4026}
[run] ended_at=2026-04-25T14:46:50+00:00 runtime_seconds=858.32
{
  "dataset": "reddit",
  "backend": "hf-logprobs",
  "model_alias": "bloomz-1b1",
  "model_name": "bigscience/bloomz-1b1",
  "split": "test",
  "accuracy": 0.2731,
  "precision": 0.2489,
  "recall": 0.9476,
  "f1": 0.3938,
  "prompt_count": 5,
  "num_examples": 2824,
  "invalid_outputs": 0,
  "runtime_seconds": 858.32,
  "avg_latency_seconds": 0.0593,
  "sample_limited": false,
  "model_max_length": 1024,
  "dtype": "float16",
  "load_8bit": false,
  "device_map": "auto",
  "temperature": null,
  "max_new_tokens": null,
  "run_started_at": "2026-04-25T14:32:32+00:00",
  "run_ended_at": "2026-04-25T14:46:50+00:00"
}
