[log] writing to results/logs/progress-4-zeroshot-reddit-hf-logprobs-bloomz-1b7-full.log
[run] started_at=2026-04-25T14:46:52+00:00
[run] backend=hf-logprobs dataset=reddit split=test model=bigscience/bloomz-1b7
[run] output_dir=results/zeroshot/reddit-hf-logprobs-bloomz-1b7
[run] table_path=results/tables/zeroshot_baselines.csv
[data] cached split not found, loading w11wo/reddit_indonesia_sarcastic:test from HuggingFace
Warning: You are sending unauthenticated requests to the HF Hub. Please set a HF_TOKEN to enable higher rate limits and faster downloads.
[data] examples=2824 sample_limited=False
`torch_dtype` is deprecated! Use `dtype` instead!
[metrics] prompt_id=0 {'accuracy': 0.2978, 'precision': 0.2532, 'recall': 0.9278, 'f1': 0.3978}
[metrics] prompt_id=1 {'accuracy': 0.3038, 'precision': 0.2522, 'recall': 0.9079, 'f1': 0.3947}
[metrics] prompt_id=2 {'accuracy': 0.2504, 'precision': 0.2501, 'recall': 1.0, 'f1': 0.4001}
[metrics] prompt_id=3 {'accuracy': 0.2631, 'precision': 0.2505, 'recall': 0.9773, 'f1': 0.3987}
[metrics] prompt_id=4 {'accuracy': 0.5701, 'precision': 0.247, 'recall': 0.3513, 'f1': 0.2901}
[run] ended_at=2026-04-25T15:02:07+00:00 runtime_seconds=915.32
{
  "dataset": "reddit",
  "backend": "hf-logprobs",
  "model_alias": "bloomz-1b7",
  "model_name": "bigscience/bloomz-1b7",
  "split": "test",
  "accuracy": 0.337,
  "precision": 0.2506,
  "recall": 0.8329,
  "f1": 0.3763,
  "prompt_count": 5,
  "num_examples": 2824,
  "invalid_outputs": 0,
  "runtime_seconds": 915.32,
  "avg_latency_seconds": 0.0624,
  "sample_limited": false,
  "model_max_length": 1024,
  "dtype": "float16",
  "load_8bit": false,
  "device_map": "auto",
  "temperature": null,
  "max_new_tokens": null,
  "run_started_at": "2026-04-25T14:46:52+00:00",
  "run_ended_at": "2026-04-25T15:02:07+00:00"
}
